#
#model:
#
#<?xml version="1.0" encoding="UTF-8" standalone="no"?><input id="posterior" spec="beast.base.inference.CompoundDistribution">
#    <distribution id="prior" spec="beast.base.inference.CompoundDistribution">
#        <distribution contemp="true" id="birthDeathSamplingModel" spec="bdsky.evolution.speciation.BirthDeathSkylineModel">
#            <parameter id="RealParameter" lower="0.0" name="origin" spec="beast.base.inference.parameter.RealParameter" upper="0.0">250.001</parameter>
#            <parameter id="RealParameter1" lower="0.0" name="birthRate" spec="beast.base.inference.parameter.RealParameter" upper="0.0">0.015</parameter>
#            <parameter id="RealParameter2" lower="0.0" name="deathRate" spec="beast.base.inference.parameter.RealParameter" upper="0.0">0.005</parameter>
#            <parameter id="RealParameter3" lower="0.0" name="samplingRate" spec="beast.base.inference.parameter.RealParameter" upper="0.0">0.0</parameter>
#            <parameter id="RealParameter4" lower="0.0" name="rho" spec="beast.base.inference.parameter.RealParameter" upper="0.0">1.0</parameter>
#            <tree id="tree" sequencesAreClustered="false" spec="tidetree.tree.StartingTree">
#                <parameter id="RealParameter5" lower="0.0" name="rootHeight" spec="beast.base.inference.parameter.RealParameter" upper="0.0">250.0</parameter>
#                <parameter id="RealParameter6" lower="0.0" name="editDuration" spec="beast.base.inference.parameter.RealParameter" upper="0.0">250.0</parameter>
#                <parameter id="RealParameter7" lower="0.0" name="editHeight" spec="beast.base.inference.parameter.RealParameter" upper="0.0">250.0</parameter>
#                <trait id="dateTrait" spec="beast.base.evolution.tree.TraitSet" traitname="date-forward" value="16127071=250,15866919=250,16024565=250,15737445=250,15772422=250,15652563=250,16038361=250,16053559=250,16139505=250,15985246=250,16175340=250,15012264=250,15623186=250,16090340=250,15431809=250,15297598=250,15966935=250,15932694=250,16207194=250,16024979=250,15162331=250,15515336=250,15571432=250,16109759=250,16106237=250,16144804=250,16034039=250,15977655=250,16141908=250,16002607=250,16037363=250,16019691=250,15415015=250,15639396=250,15921937=250,14635667=250,15336356=250,15859164=250,16095513=250,15990358=250,16056934=250,15886285=250,15960500=250,16090128=250,15963471=250,16039668=250,16128372=250,16153856=250,15978667=250,15987886=250,">
#                    <taxa alignment="@s1_c1_data.txt" id="TaxonSet" spec="beast.base.evolution.alignment.TaxonSet"/>
#                </trait>
#                <taxonset idref="TaxonSet"/>
#            </tree>
#        </distribution>
#        <prior id="editRatePrior" name="distribution">
#            <parameter dimension="100" estimate="false" id="editRate" name="x" spec="beast.base.inference.parameter.RealParameter">0.001891385794602738 0.0024762237066947427 0.006434777250119938 0.022626187451291142 4.519611853084519E-4 0.004252307867693467 0.008695199487743388 0.005287228198826541 0.00852515654186136 0.0028375427438811205 0.01630715871347483 0.004283226603781587 0.0067464292466787685 0.016033678821811725 0.01917491749069289 0.0036585141765295664 0.004891872021313965 0.00867199597266662 0.011140999534685158 0.010581282853573013 0.004541688131273875 7.617862007893749E-4 0.036165552581349764 0.007900631443893674 1.9973184290800428E-4 0.009877241632563307 0.005210678254720317 0.004181565880363428 0.017589109966820247 0.0017611954710861511 2.2959343560415528E-4 0.002994537359426538 8.01068502385592E-4 0.014061233100234731 0.015163857946017672 0.04639414188685866 0.001504774488150319 0.014571829241040163 1.1550294775905987E-4 0.0017412028611578365 0.0019912235849203347 0.015435544626458327 0.0026174926141904324 0.03034937733094538 0.005414023081912718 0.015567352766629855 0.0018764294412664411 0.03822133912883424 0.005016017821502824 0.017923582049993315 0.00707709038325807 0.01894418099476499 0.006552348025361078 0.011483251612581855 0.00213045546278859 4.4723689376124275E-4 0.028216265577151605 0.007500191290250902 9.64495624736785E-6 0.014456941979911852 0.0015131231024375432 0.04034276177940931 0.007743384492752599 0.0012231748469220054 0.018702920184101884 8.980883166958691E-4 0.005709122901667588 0.014609172657832641 0.008227991029964507 2.7099882320938255E-4 0.006800810951957274 0.0016024909826768872 0.002702309545993545 0.013068054552918141 0.021222580867047328 0.006778296749981686 0.005021657046780748 0.03394700190346978 0.01064798652834624 0.0015709747044370804 0.006723215374919598 0.00918494570764104 7.148514517145434E-4 0.033386853032898484 0.004952562215118869 0.0016703080977210618 0.008780194621411974 0.0021936132072342554 0.0037054891861055513 0.013720737264473232 0.02129789157325353 0.013693745961487449 0.018491991117775546 0.0011056635477868833 8.658270062053632E-4 0.008272143321129521 0.001439189221306065 0.011779293293448219 0.032353702218426296 0.021099922150975396</parameter>
#            <Exponential id="Exponential" name="distr">
#                <parameter estimate="false" id="RealParameter8" name="mean" spec="beast.base.inference.parameter.RealParameter">0.005</parameter>
#            </Exponential>
#        </prior>
#        <prior id="relativeGeoRatesPrior.s:tissue" name="distribution">
#            <parameter id="relativeGeoRates.s:tissue" name="x" spec="beast.base.inference.parameter.RealParameter">1.0</parameter>
#            <Exponential id="Exponential1" name="distr">
#                <parameter estimate="false" id="RealParameter9" name="mean" spec="beast.base.inference.parameter.RealParameter">0.002</parameter>
#            </Exponential>
#        </prior>
#    </distribution>
#    <distribution id="likelihood" spec="beast.base.inference.CompoundDistribution" useThreads="true">
#        <distribution data="@s1_c1_data.txt" id="treeLikelihood" spec="beast.base.evolution.likelihood.TreeLikelihood" tree="@tree" useAmbiguities="true">
#            <siteModel id="siteModel" spec="beast.base.evolution.sitemodel.SiteModel">
#                <parameter id="overallEditRate" name="mutationRate" spec="beast.base.inference.parameter.RealParameter">0.005</parameter>
#                <parameter id="RealParameter10" lower="0.0" name="proportionInvariant" spec="beast.base.inference.parameter.RealParameter" upper="0.0">0.0</parameter>
#                <substModel id="substModel" spec="metastabayes.substitutionmodel.MetastabayesGeneralMutationSubstitutionModel">
#                    <parameter idref="editRate" name="editRates"/>
#                    <parameter id="RealParameter11" lower="0.0" name="silencingRate" spec="beast.base.inference.parameter.RealParameter" upper="0.0">0.0</parameter>
#                    <frequencies estimate="false" id="Frequencies" spec="beast.base.evolution.substitutionmodel.Frequencies">
#                        <parameter dimension="3" id="RealParameter12" lower="0.0" name="frequencies" spec="beast.base.inference.parameter.RealParameter" upper="0.0">1.0 0.0 0.0</parameter>
#                    </frequencies>
#                </substModel>
#            </siteModel>
#        </distribution>
#        <distribution id="traitedtreeLikelihood.tissue" spec="beastclassic.evolution.likelihood.AncestralStateTreeLikelihood" tag="location" tree="@tree" useAmbiguities="true" useJava="false">
#            <rootFrequencies estimate="false" id="Frequencies1" spec="beast.base.evolution.substitutionmodel.Frequencies">
#                <parameter dimension="10" id="RealParameter13" lower="0.0" name="frequencies" spec="beast.base.inference.parameter.RealParameter" upper="0.0">1.0 0.0 0.0 0.0 0.0 0.0 0.0 0.0 0.0 0.0</parameter>
#            </rootFrequencies>
#            <data id="tissue" spec="beastclassic.evolution.alignment.AlignmentFromTrait">
#                <traitSet id="traitSet.tissue" spec="beast.base.evolution.tree.TraitSet" taxa="@TaxonSet" traitname="discrete" value="16127071=M13,15866919=M13,16024565=P,15737445=P,15772422=P,15652563=M16,16038361=P,16053559=M7,16139505=M16,15985246=P,16175340=M17,15012264=M18,15623186=M11,16090340=M11,15431809=M16,15297598=P,15966935=P,15932694=M17,16207194=M18,16024979=P,15162331=M12,15515336=P,15571432=M2,16109759=M12,16106237=M12,16144804=M16,16034039=P,15977655=P,16141908=M16,16002607=P,16037363=P,16019691=P,15415015=M16,15639396=M13,15921937=M17,14635667=P,15336356=M2,15859164=M11,16095513=M11,15990358=P,16056934=M10,15886285=M13,15960500=M18,16090128=M11,15963471=M18,16039668=P,16128372=M13,16153856=M16,15978667=P,15987886=P,"/>
#                <userDataType codeMap="P=0,M10=1,M11=2,M12=3,M13=4,M16=5,M17=6,M18=7,M2=8,M7=9,? = 0 1 2 3 4 5 6 7 8 9" codelength="-1" id="traitDataType.tissue" spec="beast.base.evolution.datatype.UserDataType" states="10"/>
#            </data>
#            <siteModel id="traitSiteModel" spec="beast.base.evolution.sitemodel.SiteModel">
#                <parameter id="RealParameter14" lower="0.0" name="mutationRate" spec="beast.base.inference.parameter.RealParameter" upper="0.0">1.0</parameter>
#                <parameter id="RealParameter15" lower="0.0" name="proportionInvariant" spec="beast.base.inference.parameter.RealParameter" upper="0.0">0.0</parameter>
#                <substModel id="svs.s:tissue" rates="@relativeGeoRates.s:tissue" spec="metastabayes.substitutionmodel.MetastabayesGeneralTissueSubstitutionModel">
#                    <matrixStructure dimension="100" id="matrixStructure" spec="beast.base.inference.parameter.IntegerParameter">0</matrixStructure>
#                    <rateIndicator id="tissueRateIndicators" spec="beast.base.inference.parameter.BooleanParameter">true</rateIndicator>
#                    <frequencies estimate="false" id="Frequencies2" spec="beast.base.evolution.substitutionmodel.Frequencies">
#                        <parameter dimension="3" id="RealParameter16" lower="0.0" name="frequencies" spec="beast.base.inference.parameter.RealParameter" upper="0.0">1.0 0.0 0.0</parameter>
#                    </frequencies>
#                </substModel>
#            </siteModel>
#        </distribution>
#    </distribution>
#</input>
#
Sample	posterior	likelihood	prior	treeLikelihood	treeHeight	overallEditRate	traitedtreeLikelihood	relativeGeoRates	geoSubstModelLogger.relGeoRate_P_M10	geoSubstModelLogger.relGeoRate_P_M11	geoSubstModelLogger.relGeoRate_P_M12	geoSubstModelLogger.relGeoRate_P_M13	geoSubstModelLogger.relGeoRate_P_M16	geoSubstModelLogger.relGeoRate_P_M17	geoSubstModelLogger.relGeoRate_P_M18	geoSubstModelLogger.relGeoRate_P_M2	geoSubstModelLogger.relGeoRate_P_M7	geoSubstModelLogger.relGeoRate_M10_M11	geoSubstModelLogger.relGeoRate_M10_M12	geoSubstModelLogger.relGeoRate_M10_M13	geoSubstModelLogger.relGeoRate_M10_M16	geoSubstModelLogger.relGeoRate_M10_M17	geoSubstModelLogger.relGeoRate_M10_M18	geoSubstModelLogger.relGeoRate_M10_M2	geoSubstModelLogger.relGeoRate_M10_M7	geoSubstModelLogger.relGeoRate_M11_M12	geoSubstModelLogger.relGeoRate_M11_M13	geoSubstModelLogger.relGeoRate_M11_M16	geoSubstModelLogger.relGeoRate_M11_M17	geoSubstModelLogger.relGeoRate_M11_M18	geoSubstModelLogger.relGeoRate_M11_M2	geoSubstModelLogger.relGeoRate_M11_M7	geoSubstModelLogger.relGeoRate_M12_M13	geoSubstModelLogger.relGeoRate_M12_M16	geoSubstModelLogger.relGeoRate_M12_M17	geoSubstModelLogger.relGeoRate_M12_M18	geoSubstModelLogger.relGeoRate_M12_M2	geoSubstModelLogger.relGeoRate_M12_M7	geoSubstModelLogger.relGeoRate_M13_M16	geoSubstModelLogger.relGeoRate_M13_M17	geoSubstModelLogger.relGeoRate_M13_M18	geoSubstModelLogger.relGeoRate_M13_M2	geoSubstModelLogger.relGeoRate_M13_M7	geoSubstModelLogger.relGeoRate_M16_M17	geoSubstModelLogger.relGeoRate_M16_M18	geoSubstModelLogger.relGeoRate_M16_M2	geoSubstModelLogger.relGeoRate_M16_M7	geoSubstModelLogger.relGeoRate_M17_M18	geoSubstModelLogger.relGeoRate_M17_M2	geoSubstModelLogger.relGeoRate_M17_M7	geoSubstModelLogger.relGeoRate_M18_M2	geoSubstModelLogger.relGeoRate_M18_M7	geoSubstModelLogger.relGeoRate_M2_M7
0	-10705.748216093923	-10173.614508642882	-532.1337074510407	-10058.48525399318	250.00000479999972	0.005	-115.12925464970228	1.0	1.0	1.0	1.0	1.0	1.0	1.0	1.0	1.0	1.0	1.0	1.0	1.0	1.0	1.0	1.0	1.0	1.0	1.0	1.0	1.0	1.0	1.0	1.0	1.0	1.0	1.0	1.0	1.0	1.0	1.0	1.0	1.0	1.0	1.0	1.0	1.0	1.0	1.0	1.0	1.0	1.0	1.0	1.0	1.0	1.0
10000	-5426.381451506271	-5420.503635447993	-5.8778160582789525	-5305.374380813615	250.00000479999972	0.005	-115.12925463437769	0.05858989983393437	0.05858989983393437	0.05858989983393437	0.05858989983393437	0.05858989983393437	0.05858989983393437	0.05858989983393437	0.05858989983393437	0.05858989983393437	0.05858989983393437	0.05858989983393437	0.05858989983393437	0.05858989983393437	0.05858989983393437	0.05858989983393437	0.05858989983393437	0.05858989983393437	0.05858989983393437	0.05858989983393437	0.05858989983393437	0.05858989983393437	0.05858989983393437	0.05858989983393437	0.05858989983393437	0.05858989983393437	0.05858989983393437	0.05858989983393437	0.05858989983393437	0.05858989983393437	0.05858989983393437	0.05858989983393437	0.05858989983393437	0.05858989983393437	0.05858989983393437	0.05858989983393437	0.05858989983393437	0.05858989983393437	0.05858989983393437	0.05858989983393437	0.05858989983393437	0.05858989983393437	0.05858989983393437	0.05858989983393437	0.05858989983393437	0.05858989983393437	0.05858989983393437
